<?xml version="1.0" encoding="UTF-8"?>
<!-- Generated by org.testng.reporters.JUnitXMLReporter -->
<testsuite hostname="user-PC" ignored="0" name="Default test" tests="6" failures="0" timestamp="19 Agu 2018 14:53:56 GMT" time="150.202" errors="0">
  <testcase name="Test01_After_Login_Page" time="58.097" classname="timeDeposit.CreateTimeDeposit"/>
  <testcase name="Test02_Time_Deposit_Page" time="26.912" classname="timeDeposit.CreateTimeDeposit"/>
  <testcase name="Test03_Time_Deposit_TnC_Page" time="3.411" classname="timeDeposit.CreateTimeDeposit"/>
  <testcase name="Test04_Time_Deposit_Summary_Page" time="11.372" classname="timeDeposit.CreateTimeDeposit"/>
  <testcase name="Test05_Time_Deposit_EasyPin_Page" time="9.898" classname="timeDeposit.CreateTimeDeposit"/>
  <testcase name="Test06_Time_Deposit_Result_Page" time="11.465" classname="timeDeposit.CreateTimeDeposit"/>
</testsuite> <!-- Default test -->
