<?xml version="1.0" encoding="UTF-8"?>
<!-- Generated by org.testng.reporters.JUnitXMLReporter -->
<testsuite hostname="user-PC" ignored="0" name="TransferInbank" tests="18" failures="0" timestamp="18 Agu 2018 13:56:50 GMT" time="358.745" errors="0">
  <testcase name="Test01_After_Login_Page" time="51.88" classname="fundtransfer.TransferInbank"/>
  <testcase name="Test02_Select_Payee_Page" time="4.261" classname="fundtransfer.TransferInbank"/>
  <testcase name="Test03_Select_Account_Page" time="11.296" classname="fundtransfer.TransferInbank"/>
  <testcase name="Test04_Summary_Page" time="6.796" classname="fundtransfer.TransferInbank"/>
  <testcase name="Test05_Transfer_Inbank_EasyPin_Page" time="5.701" classname="fundtransfer.TransferInbank"/>
  <testcase name="Test06_Transfer_Inbank_Result_Page" time="10.378" classname="fundtransfer.TransferInbank"/>
  <testcase name="Test01_After_Login_Page" time="52.787" classname="fundtransfer.TransferInbank"/>
  <testcase name="Test02_Select_Payee_Page" time="2.911" classname="fundtransfer.TransferInbank"/>
  <testcase name="Test03_Select_Account_Page" time="10.702" classname="fundtransfer.TransferInbank"/>
  <testcase name="Test04_Summary_Page" time="6.638" classname="fundtransfer.TransferInbank"/>
  <testcase name="Test05_Transfer_Inbank_EasyPin_Page" time="5.428" classname="fundtransfer.TransferInbank"/>
  <testcase name="Test06_Transfer_Inbank_Result_Page" time="11.031" classname="fundtransfer.TransferInbank"/>
  <testcase name="Test01_After_Login_Page" time="52.581" classname="fundtransfer.TransferInbank"/>
  <testcase name="Test02_Select_Payee_Page" time="2.904" classname="fundtransfer.TransferInbank"/>
  <testcase name="Test03_Select_Account_Page" time="10.873" classname="fundtransfer.TransferInbank"/>
  <testcase name="Test04_Summary_Page" time="8.252" classname="fundtransfer.TransferInbank"/>
  <testcase name="Test05_Transfer_Inbank_EasyPin_Page" time="7.034" classname="fundtransfer.TransferInbank"/>
  <testcase name="Test06_Transfer_Inbank_Result_Page" time="12.106" classname="fundtransfer.TransferInbank"/>
</testsuite> <!-- TransferInbank -->
